<?xml version="1.0" encoding="UTF-8"?>
<!-- Generated by org.testng.reporters.JUnitReportReporter -->
<testsuite skipped="0" hostname="BKRISTIP-IN" name="com.n26.monefy.automation.runners.TestBalance" tests="2" failures="0" timestamp="2019-11-10T03:02:04 IST" time="74.152" errors="0">
  <testcase name="verifyBalanceCalculations" time="31.789" classname="com.n26.monefy.automation.runners.TestBalance"/>
  <testcase name="addExpenseFromHomePage" time="42.363" classname="com.n26.monefy.automation.runners.TestBalance"/>
</testsuite> <!-- com.n26.monefy.automation.runners.TestBalance -->
